Arguments: 
  C:\Program Files\nodejs\node.exe C:\Program Files (x86)\Yarn\bin\yarn.js add requirements.txt

PATH: 
  C;C:\Users\Tyler\Desktop\Udacity\Full-Stack\FSND\projects\01_fyyur\env\Scripts;C:\Program Files\Git\mingw64\bin;C:\Program Files\Git\usr\bin;C:\Users\Tyler\bin;C:\Python39\Scripts;C:\Python39;C:\windows\system32;C:\windows;C:\windows\System32\Wbem;C:\windows\System32\WindowsPowerShell\v1.0;C:\windows\System32\OpenSSH;C:\Program Files (x86)\NVIDIA Corporation\PhysX\Common;C:\Program Files\NVIDIA Corporation\NVIDIA NvDLISR;C:\WINDOWS\system32;C:\WINDOWS;C:\WINDOWS\System32\Wbem;C:\WINDOWS\System32\WindowsPowerShell\v1.0;C:\WINDOWS\System32\OpenSSH;C:\Program Files\Git\cmd;C:\Program Files\nodejs;C:\ProgramData\chocolatey\bin;C:\Program Files\PostgreSQL\12\bin;C:\Program Files\PostgreSQL\12\lib;C:\Users\Tyler\AppData\Roaming\Python\Python38\Scripts;C:\Program Files\Amazon\AWSCLIV2;C:\Program Files (x86)\Yarn\bin;C:\Program Files\Docker\Docker\resources\bin;C:\ProgramData\DockerDesktop\version-bin;C:\Users\Tyler\AppData\Local\Programs\Python\Python39\Scripts;C:\Users\Tyler\AppData\Local\Programs\Python\Python39;C:\Users\Tyler\AppData\Local\Programs\Python\Python38-32\Scripts;C:\Users\Tyler\AppData\Local\Programs\Python\Python38-32;C:\Users\Tyler\AppData\Local\Microsoft\WindowsApps;C:\Users\Tyler\AppData\Local\Programs\Microsoft VS Code\bin;C:\Users\Tyler\AppData\Roaming\npm;C:\Program Files\heroku\bin;C:\Users\Tyler\AppData\Local\Yarn\bin

Yarn version: 
  1.22.5

Node version: 
  12.18.0

Platform: 
  win32 x64

Trace: 
  Error: https://registry.yarnpkg.com/requirements.txt: Not found
      at Request.params.callback [as _callback] (C:\Program Files (x86)\Yarn\lib\cli.js:66097:18)
      at Request.self.callback (C:\Program Files (x86)\Yarn\lib\cli.js:140749:22)
      at Request.emit (events.js:315:20)
      at Request.<anonymous> (C:\Program Files (x86)\Yarn\lib\cli.js:141721:10)
      at Request.emit (events.js:315:20)
      at IncomingMessage.<anonymous> (C:\Program Files (x86)\Yarn\lib\cli.js:141643:12)
      at Object.onceWrapper (events.js:421:28)
      at IncomingMessage.emit (events.js:327:22)
      at endReadableNT (_stream_readable.js:1221:12)
      at processTicksAndRejections (internal/process/task_queues.js:84:21)

npm manifest: 
  {
    "dependencies": {}
  }

yarn manifest: 
  No manifest

Lockfile: 
  # THIS IS AN AUTOGENERATED FILE. DO NOT EDIT THIS FILE DIRECTLY.
  # yarn lockfile v1
